2025-04-23 23:06:10 | INFO | Zipping files in ./output/2017 to ./output/2017\openmeteo_data_2017.zip
2025-04-23 23:06:14 | INFO | Files zipped successfully: ./output/2017\openmeteo_data_2017.zip
2025-04-23 23:06:14 | INFO | Creating target directory in HDFS: /user/hadoop/openmeteo/2017
2025-04-23 23:06:14 | ERROR | Command failed with exit status 127: hdfs dfs -mkdir -p /user/hadoop/openmeteo/2017
2025-04-23 23:06:14 | ERROR | Error: bash: line 1: hdfs: command not found

2025-04-23 23:06:14 | INFO | Copying zip file from ./output/2017\openmeteo_data_2017.zip to remote server at /tmp\openmeteo_data_2017.zip
2025-04-23 23:06:15 | ERROR | Failed to copy file to remote server. Error: scp: /tmp\openmeteo_data_2017.zip: Permission denied

2025-04-23 23:06:15 | ERROR | An error occurred: scp: /tmp\openmeteo_data_2017.zip: Permission denied

2025-04-23 23:11:06 | INFO | Zipping files in ./output/2017 to ./output/2017\openmeteo_data_2017.zip
2025-04-23 23:11:11 | INFO | Files zipped successfully: ./output/2017\openmeteo_data_2017.zip
2025-04-23 23:11:11 | INFO | Creating target directory in HDFS: /user/hadoop/openmeteo/2017
2025-04-23 23:11:11 | ERROR | Command failed with exit status 1: permission denied while trying to connect to the Docker daemon socket at unix:///var/run/docker.sock: Get "http://%2Fvar%2Frun%2Fdocker.sock/v1.49/containers/master/json": dial unix /var/run/docker.sock: connect: permission denied

2025-04-23 23:11:11 | ERROR | Error executing command docker exec master hdfs dfs -mkdir -p /user/hadoop/openmeteo/2017: Command failed: docker exec master hdfs dfs -mkdir -p /user/hadoop/openmeteo/2017
2025-04-23 23:11:11 | ERROR | An error occurred: Command failed: docker exec master hdfs dfs -mkdir -p /user/hadoop/openmeteo/2017
2025-04-23 23:12:15 | INFO | Zipping files in ./output/2017 to ./output/2017\openmeteo_data_2017.zip
2025-04-23 23:12:20 | INFO | Files zipped successfully: ./output/2017\openmeteo_data_2017.zip
2025-04-23 23:12:20 | INFO | Creating target directory in HDFS: /user/hadoop/openmeteo/2017
2025-04-23 23:12:24 | INFO | Command succeeded: sudo docker exec master hdfs dfs -mkdir -p /user/hadoop/openmeteo/2017
2025-04-23 23:12:24 | INFO | Copying files from ./output/2017 to Docker container at /tmp/staging_data
2025-04-23 23:12:24 | ERROR | Command failed with exit status 1: lstat /home/kapigames123/output: no such file or directory

2025-04-23 23:12:24 | ERROR | Error executing command sudo docker cp ./output/2017/. master:/tmp/staging_data/: Command failed: sudo docker cp ./output/2017/. master:/tmp/staging_data/
2025-04-23 23:12:24 | ERROR | An error occurred: Command failed: sudo docker cp ./output/2017/. master:/tmp/staging_data/
2025-04-23 23:15:53 | INFO | Zipping files in ./output/2017 to ./output/2017\openmeteo_data_2017.zip
2025-04-23 23:15:57 | INFO | Files zipped successfully: ./output/2017\openmeteo_data_2017.zip
2025-04-23 23:15:57 | INFO | Creating target directory in HDFS: /user/hadoop/openmeteo/2017
2025-04-23 23:16:00 | INFO | Command succeeded: sudo docker exec master hdfs dfs -mkdir -p /user/hadoop/openmeteo/2017
2025-04-23 23:16:00 | INFO | Copying files from ./output/2017 to Docker container at /tmp/staging_data
2025-04-23 23:16:01 | ERROR | Command failed with exit status 1: lstat /home/kapigames123/output/2017: no such file or directory

2025-04-23 23:16:01 | ERROR | Error executing command sudo docker cp ./output/2017/. master:/tmp/staging_data/: Command failed: sudo docker cp ./output/2017/. master:/tmp/staging_data/
2025-04-23 23:16:01 | ERROR | An error occurred: Command failed: sudo docker cp ./output/2017/. master:/tmp/staging_data/
2025-04-23 23:16:41 | INFO | Zipping files in ./output/2017 to ./output/2017\openmeteo_data_2017.zip
2025-04-23 23:16:45 | INFO | Files zipped successfully: ./output/2017\openmeteo_data_2017.zip
2025-04-23 23:16:45 | INFO | Creating target directory in HDFS: /user/hadoop/openmeteo/2017
2025-04-23 23:16:48 | INFO | Command succeeded: sudo docker exec master hdfs dfs -mkdir -p /user/hadoop/openmeteo/2017
2025-04-23 23:16:48 | INFO | Copying files from ./output/2017 to Docker container at /tmp/staging_data
2025-04-23 23:16:49 | INFO | Command succeeded: sudo docker cp ./output/2017/. master:/tmp/staging_data/
2025-04-23 23:16:49 | INFO | Uploading files from /tmp/staging_data to HDFS at /user/hadoop/openmeteo/2017
2025-04-23 23:16:53 | ERROR | Command failed with exit status 1: put: `/tmp/staging_data/*': No such file or directory

2025-04-23 23:16:53 | ERROR | Error executing command sudo docker exec master sh -c 'hdfs dfs -put -f /tmp/staging_data/* /user/hadoop/openmeteo/2017/': Command failed: sudo docker exec master sh -c 'hdfs dfs -put -f /tmp/staging_data/* /user/hadoop/openmeteo/2017/'
2025-04-23 23:16:53 | ERROR | An error occurred: Command failed: sudo docker exec master sh -c 'hdfs dfs -put -f /tmp/staging_data/* /user/hadoop/openmeteo/2017/'
2025-04-23 23:19:48 | INFO | Zipping files in ./output/2017 to ./output/2017\openmeteo_data_2017.zip
2025-04-23 23:19:52 | INFO | Files zipped successfully: ./output/2017\openmeteo_data_2017.zip
2025-04-23 23:19:52 | INFO | Creating target directory in HDFS: /user/hadoop/openmeteo/2017
2025-04-23 23:19:56 | INFO | Command succeeded: sudo docker exec master hdfs dfs -mkdir -p /user/hadoop/openmeteo/2017
2025-04-23 23:19:56 | INFO | Copying files from ./output/2017 to Docker container at /tmp/staging_data
2025-04-23 23:19:56 | INFO | Command succeeded: sudo docker cp ./output/2017/. master:/tmp/staging_data/
2025-04-23 23:19:56 | INFO | Uploading files from /tmp/staging_data to HDFS at /user/hadoop/openmeteo/2017
2025-04-23 23:20:00 | ERROR | Command failed with exit status 1: put: `/tmp/staging_data/*': No such file or directory

2025-04-23 23:20:00 | ERROR | Error executing command sudo docker exec master sh -c "hdfs dfs -put -f /tmp/staging_data/* /user/hadoop/openmeteo/2017/": Command failed: sudo docker exec master sh -c "hdfs dfs -put -f /tmp/staging_data/* /user/hadoop/openmeteo/2017/"
2025-04-23 23:20:00 | ERROR | An error occurred: Command failed: sudo docker exec master sh -c "hdfs dfs -put -f /tmp/staging_data/* /user/hadoop/openmeteo/2017/"
2025-04-23 23:24:46 | INFO | Zipping files in ./output/2017 to ./output/2017\openmeteo_data_2017.zip
2025-04-23 23:24:52 | INFO | Files zipped successfully: ./output/2017\openmeteo_data_2017.zip
2025-04-23 23:24:52 | INFO | Copying ./output/2017\openmeteo_data_2017.zip to remote: /tmp\openmeteo_data_2017.zip
2025-04-23 23:24:52 | ERROR | Failed to copy zip file: scp: /tmp\openmeteo_data_2017.zip: Permission denied

2025-04-23 23:24:52 | ERROR | An error occurred: scp: /tmp\openmeteo_data_2017.zip: Permission denied

2025-04-23 23:29:55 | INFO | Command succeeded: mkdir -p /home/kapigames123/uploads
2025-04-23 23:29:55 | INFO | Zipping files in ./output/2017 to ./output/2017\openmeteo_data_2017.zip
2025-04-23 23:30:02 | INFO | Files zipped successfully: ./output/2017\openmeteo_data_2017.zip
2025-04-23 23:30:02 | INFO | Copying ./output/2017\openmeteo_data_2017.zip to remote: /home/kapigames123/uploads/openmeteo_data_2017.zip
2025-04-23 23:30:31 | INFO | Zip file copied successfully.
2025-04-23 23:30:32 | ERROR | Command failed with exit status 127: bash: line 1: unzip: command not found

2025-04-23 23:30:32 | ERROR | Error executing command unzip -o /home/kapigames123/uploads/openmeteo_data_2017.zip -d /home/kapigames123/uploads/unzipped: Command failed: unzip -o /home/kapigames123/uploads/openmeteo_data_2017.zip -d /home/kapigames123/uploads/unzipped
2025-04-23 23:30:32 | ERROR | An error occurred: Command failed: unzip -o /home/kapigames123/uploads/openmeteo_data_2017.zip -d /home/kapigames123/uploads/unzipped
2025-04-23 23:33:39 | INFO | Command succeeded: mkdir -p /home/kapigames123/uploads
2025-04-23 23:33:39 | INFO | Zipping files in ./output/2017 to ./output/2017\openmeteo_data_2017.zip
2025-04-23 23:33:43 | INFO | Files zipped successfully: ./output/2017\openmeteo_data_2017.zip
2025-04-23 23:33:43 | INFO | Copying ./output/2017\openmeteo_data_2017.zip to remote: /home/kapigames123/uploads/openmeteo_data_2017.zip
2025-04-23 23:34:13 | INFO | Zip file copied successfully.
2025-04-23 23:34:14 | INFO | Command succeeded: unzip -o /home/kapigames123/uploads/openmeteo_data_2017.zip -d /home/kapigames123/uploads/unzipped
2025-04-23 23:34:14 | INFO | Creating target directory in HDFS: /user/hadoop/openmeteo/2017
2025-04-23 23:34:17 | INFO | Command succeeded: sudo docker exec master hdfs dfs -mkdir -p /user/hadoop/openmeteo/2017
2025-04-23 23:34:17 | INFO | Copying files from /home/kapigames123/uploads/unzipped to Docker container at /tmp/staging_data
2025-04-23 23:34:18 | INFO | Command succeeded: sudo docker cp /home/kapigames123/uploads/unzipped/. master:/tmp/staging_data/
2025-04-23 23:34:18 | INFO | Uploading files from /tmp/staging_data to HDFS at /user/hadoop/openmeteo/2017
2025-04-23 23:34:28 | INFO | Command succeeded: sudo docker exec master sh -c "hdfs dfs -put -f /tmp/staging_data/* /user/hadoop/openmeteo/2017/"
