2025-04-23 22:46:39 | INFO | Zipping files from ./output/2017...
2025-04-23 22:46:45 | INFO | Files zipped successfully in 5.65 seconds. Saved as openmeteo_data_2017.zip.
2025-04-23 22:46:46 | INFO | SSH connection established to 34.45.80.235 as kapigames123.
2025-04-23 22:46:46 | INFO | Uploading openmeteo_data_2017.zip to remote server...
2025-04-23 22:47:15 | INFO | Uploaded openmeteo_data_2017.zip to /tmp/ on remote server.
2025-04-23 22:47:15 | INFO | Creating HDFS target directory /user/hadoop/openmeteo/2017...
2025-04-23 22:47:16 | INFO | Created HDFS target directory /user/hadoop/openmeteo/2017.
2025-04-23 22:47:16 | INFO | Uploading openmeteo_data_2017.zip to HDFS directory /user/hadoop/openmeteo/2017...
2025-04-23 22:47:16 | INFO | Uploaded openmeteo_data_2017.zip to HDFS directory /user/hadoop/openmeteo/2017.
2025-04-23 22:47:16 | INFO | Cleaning up remote temporary files...
2025-04-23 22:47:17 | INFO | Cleaned up remote temporary files.
2025-04-23 22:47:17 | INFO | SSH connection closed.
2025-04-23 22:47:17 | INFO | Local zip file openmeteo_data_2017.zip removed.
2025-04-23 22:54:32 | INFO | Zipping files from ./output/2017...
2025-04-23 22:54:36 | INFO | Files zipped successfully in 3.83 seconds. Saved as openmeteo_data_2017.zip.
2025-04-23 22:54:37 | INFO | SSH connection established to 34.45.80.235 as kapigames123.
2025-04-23 22:54:37 | INFO | Uploading openmeteo_data_2017.zip to remote server...
2025-04-23 22:55:06 | INFO | Uploaded openmeteo_data_2017.zip to /tmp/ on remote server.
2025-04-23 22:55:06 | INFO | Creating HDFS target directory /user/hadoop/openmeteo/2017...
2025-04-23 22:55:07 | INFO | Created HDFS target directory /user/hadoop/openmeteo/2017.
2025-04-23 22:55:07 | INFO | Uploading openmeteo_data_2017.zip to HDFS directory /user/hadoop/openmeteo/2017...
2025-04-23 22:55:07 | INFO | Uploaded openmeteo_data_2017.zip to HDFS directory /user/hadoop/openmeteo/2017.
2025-04-23 22:55:07 | INFO | Cleaning up remote temporary files...
2025-04-23 22:55:08 | INFO | Cleaned up remote temporary files.
2025-04-23 22:55:08 | INFO | SSH connection closed.
2025-04-23 22:55:08 | INFO | Local zip file openmeteo_data_2017.zip removed.
